Build started 10/17/2016 9:20:04 AM.
     1>Project "C:\Users\Eduarda\Documents\visual studio 2013\Projects\AckleyOptimization\ConsoleApplication3\ConsoleApplication3.vcxproj" on node 2 (Build target(s)).
     1>C:\Program Files (x86)\MSBuild\Microsoft.Cpp\v4.0\V120\Microsoft.CppBuild.targets(388,5): warning MSB8028: The intermediate directory (Debug\) contains files shared from another project (ConsoleApplication3.vcxproj, MiniProjeto 8 Rainhas.vcxproj).  This can lead to incorrect clean and rebuild behavior.
     1>ClCompile:
         C:\Program Files (x86)\Microsoft Visual Studio 12.0\VC\bin\CL.exe /c /ZI /nologo /W3 /WX- /sdl /Od /Oy- /D WIN32 /D _DEBUG /D _CONSOLE /D _LIB /D _UNICODE /D UNICODE /Gm /EHsc /RTC1 /MDd /GS /fp:precise /Zc:wchar_t /Zc:forScope /Yu"stdafx.h" /Fp"Debug\Projeto1Ackley.pch" /Fo"Debug\\" /Fd"Debug\vc120.pdb" /Gd /TP /analyze- /errorReport:prompt AckleyOptimization.cpp
         AckleyOptimization.cpp
     1>c:\users\eduarda\documents\visual studio 2013\projects\ackleyoptimization\consoleapplication3\ackleyeegenotype.h(60): warning C4018: '<' : signed/unsigned mismatch
     1>c:\users\eduarda\documents\visual studio 2013\projects\ackleyoptimization\consoleapplication3\ackleyeegenotype.h(192): warning C4018: '<' : signed/unsigned mismatch
     1>c:\users\eduarda\documents\visual studio 2013\projects\ackleyoptimization\consoleapplication3\ackleyeegenotype.h(208): warning C4018: '<' : signed/unsigned mismatch
     1>c:\users\eduarda\documents\visual studio 2013\projects\ackleyoptimization\consoleapplication3\ackleyeegenotype.h(221): warning C4018: '<' : signed/unsigned mismatch
     1>c:\users\eduarda\documents\visual studio 2013\projects\ackleyoptimization\consoleapplication3\ackleyeegenotype.h(237): warning C4018: '<' : signed/unsigned mismatch
     1>c:\users\eduarda\documents\visual studio 2013\projects\ackleyoptimization\consoleapplication3\ackleyeegenotype.h(280): warning C4018: '<' : signed/unsigned mismatch
     1>c:\users\eduarda\documents\visual studio 2013\projects\ackleyoptimization\consoleapplication3\ackleyoptimization.cpp(29): warning C4244: 'argument' : conversion from 'time_t' to 'unsigned int', possible loss of data
     1>c:\users\eduarda\documents\visual studio 2013\projects\ackleyoptimization\consoleapplication3\ackleyoptimization.cpp(64): warning C4018: '<' : signed/unsigned mismatch
     1>c:\users\eduarda\documents\visual studio 2013\projects\ackleyoptimization\consoleapplication3\ackleyoptimization.cpp(73): warning C4018: '<' : signed/unsigned mismatch
     1>c:\users\eduarda\documents\visual studio 2013\projects\ackleyoptimization\consoleapplication3\ackleyoptimization.cpp(86): warning C4018: '<' : signed/unsigned mismatch
     1>c:\users\eduarda\documents\visual studio 2013\projects\ackleyoptimization\consoleapplication3\ackleyoptimization.cpp(149): warning C4244: 'argument' : conversion from 'double' to 'int', possible loss of data
     1>c:\users\eduarda\documents\visual studio 2013\projects\ackleyoptimization\consoleapplication3\ackleyoptimization.cpp(156): warning C4244: 'argument' : conversion from 'double' to 'int', possible loss of data
     1>c:\users\eduarda\documents\visual studio 2013\projects\ackleyoptimization\consoleapplication3\ackleyoptimization.cpp(171): warning C4244: 'argument' : conversion from 'double' to 'unsigned int', possible loss of data
     1>c:\users\eduarda\documents\visual studio 2013\projects\ackleyoptimization\consoleapplication3\ackleyoptimization.cpp(298): warning C4244: 'argument' : conversion from 'double' to 'unsigned int', possible loss of data
     1>c:\users\eduarda\documents\visual studio 2013\projects\ackleyoptimization\consoleapplication3\ackleyoptimization.cpp(351): warning C4018: '<' : signed/unsigned mismatch
       Link:
         C:\Program Files (x86)\Microsoft Visual Studio 12.0\VC\bin\link.exe /ERRORREPORT:PROMPT /OUT:"C:\Users\Eduarda\Documents\visual studio 2013\Projects\AckleyOptimization\Debug\Projeto1Ackley.exe" /INCREMENTAL /NOLOGO kernel32.lib user32.lib gdi32.lib winspool.lib comdlg32.lib advapi32.lib shell32.lib ole32.lib oleaut32.lib uuid.lib odbc32.lib odbccp32.lib /MANIFEST /MANIFESTUAC:"level='asInvoker' uiAccess='false'" /manifest:embed /DEBUG /PDB:"C:\Users\Eduarda\Documents\visual studio 2013\Projects\AckleyOptimization\Debug\Projeto1Ackley.pdb" /SUBSYSTEM:CONSOLE /TLBID:1 /DYNAMICBASE /NXCOMPAT /IMPLIB:"C:\Users\Eduarda\Documents\visual studio 2013\Projects\AckleyOptimization\Debug\Projeto1Ackley.lib" /MACHINE:X86 Debug\AckleyOptimization.obj
         Debug\stdafx.obj
         ConsoleApplication3.vcxproj -> C:\Users\Eduarda\Documents\visual studio 2013\Projects\AckleyOptimization\Debug\Projeto1Ackley.exe
     1>Done Building Project "C:\Users\Eduarda\Documents\visual studio 2013\Projects\AckleyOptimization\ConsoleApplication3\ConsoleApplication3.vcxproj" (Build target(s)).

Build succeeded.

Time Elapsed 00:00:01.42
